2023-04-03 01:27:22.414782 - Initialized conversion of CBT619
2023-04-03 01:27:22.689936 - Received CBT.V504.FILE619.PDS from FILE619.XMI 
2023-04-03 01:27:22.692756 - Found $$$#DATE.txt (text/plain) in CBT.V504.FILE619.PDS, moved to PDS/$$$#DATE
2023-04-03 01:27:22.693930 - Found $$$DOC.txt (text/plain) in CBT.V504.FILE619.PDS, moved to PDS/$$$DOC
2023-04-03 01:27:22.706297 - Found $DYNLPA.xmi (application/xmit) in CBT.V504.FILE619.PDS
2023-04-03 01:27:22.714560   - Received RECFM=U data, stored XMIT file as CBT619/$DYNLPA.xmi
2023-04-03 01:27:22.726304 - Found $DYNLPAO.xmi (application/xmit) in CBT.V504.FILE619.PDS
2023-04-03 01:27:22.734430   - Received RECFM=U data, stored XMIT file as CBT619/$DYNLPAO.xmi
2023-04-03 01:27:22.823111 - Found $SMPLIST.xmi (application/xmit) in CBT.V504.FILE619.PDS
2023-04-03 01:27:22.827299   - Received to CBT619/SMP.OUTPUT
2023-04-03 01:27:22.828415 - Found #DYPDMY.txt (text/plain) in CBT.V504.FILE619.PDS, moved to PDS/#DYPDMY
2023-04-03 01:27:22.829494 - Found #DYP001.txt (text/plain) in CBT.V504.FILE619.PDS, moved to PDS/#DYP001
2023-04-03 01:27:22.829505 - Found #DYP002.bin containing application/octet-stream, moved to PDS/#DYP002
2023-04-03 01:27:22.831431 - Found #DYP003.txt (text/plain) in CBT.V504.FILE619.PDS, moved to PDS/#DYP003
2023-04-03 01:27:22.832420 - Found #DYP004.txt (text/plain) in CBT.V504.FILE619.PDS, moved to PDS/#DYP004
2023-04-03 01:27:22.833351 - Found #DYP005.txt (text/plain) in CBT.V504.FILE619.PDS, moved to PDS/#DYP005
2023-04-03 01:27:22.834256 - Found @FILE619.txt (text/plain) in CBT.V504.FILE619.PDS, moved to PDS/@FILE619
2023-04-03 01:27:22.835177 - Found ACCEPT.jcl (text/plain) in CBT.V504.FILE619.PDS, moved to PDS/ACCEPT
2023-04-03 01:27:22.836120 - Found DYNPROC.jcl (text/plain) in CBT.V504.FILE619.PDS, moved to PDS/DYNPROC
2023-04-03 01:27:22.837032 - Found IEBCOPYT.jcl (text/plain) in CBT.V504.FILE619.PDS, moved to PDS/IEBCOPYT
2023-04-03 01:27:22.837954 - Found IEFCVRWA.txt (text/plain) in CBT.V504.FILE619.PDS, moved to PDS/IEFCVRWA
2023-04-03 01:27:22.838964 - Found IEFVPP.txt (text/plain) in CBT.V504.FILE619.PDS, moved to PDS/IEFVPP
2023-04-03 01:27:22.839870 - Found IEFVPP$.jcl (text/plain) in CBT.V504.FILE619.PDS, moved to PDS/IEFVPP$
2023-04-03 01:27:22.840770 - Found JES2.txt (text/plain) in CBT.V504.FILE619.PDS, moved to PDS/JES2
2023-04-03 01:27:22.841707 - Found SGIEF441.txt (text/plain) in CBT.V504.FILE619.PDS, moved to PDS/SGIEF441
2023-04-03 01:27:22.842606 - Found STEP1.jcl (text/plain) in CBT.V504.FILE619.PDS, moved to PDS/STEP1
2023-04-03 01:27:22.843786 - Found STEP1A.txt (text/plain) in CBT.V504.FILE619.PDS, moved to PDS/STEP1A
2023-04-03 01:27:22.843797 - Found STEP2.bin containing application/octet-stream, moved to PDS/STEP2
2023-04-03 01:27:22.846246 - Found STEP3.txt (text/plain) in CBT.V504.FILE619.PDS, moved to PDS/STEP3
2023-04-03 01:27:22.847325 - Found STEP3A.jcl (text/plain) in CBT.V504.FILE619.PDS, moved to PDS/STEP3A
2023-04-03 01:27:22.848322 - Found STEP4.txt (text/plain) in CBT.V504.FILE619.PDS, moved to PDS/STEP4
2023-04-03 01:27:22.849294 - Found STEP4A.jcl (text/plain) in CBT.V504.FILE619.PDS, moved to PDS/STEP4A
2023-04-03 01:27:22.850239 - Found STEP5.txt (text/plain) in CBT.V504.FILE619.PDS, moved to PDS/STEP5
2023-04-03 01:27:22.851174 - Found STEP5A.jcl (text/plain) in CBT.V504.FILE619.PDS, moved to PDS/STEP5A
